[2022-08-08 17:15:25,918] {taskinstance.py:1179} INFO - Dependencies all met for <TaskInstance: training_pipeline_dag.run_models manual__2022-08-08T17:15:20.233884+00:00 [queued]>
[2022-08-08 17:15:25,927] {taskinstance.py:1179} INFO - Dependencies all met for <TaskInstance: training_pipeline_dag.run_models manual__2022-08-08T17:15:20.233884+00:00 [queued]>
[2022-08-08 17:15:25,927] {taskinstance.py:1376} INFO - 
--------------------------------------------------------------------------------
[2022-08-08 17:15:25,927] {taskinstance.py:1377} INFO - Starting attempt 1 of 1
[2022-08-08 17:15:25,927] {taskinstance.py:1378} INFO - 
--------------------------------------------------------------------------------
[2022-08-08 17:15:25,939] {taskinstance.py:1397} INFO - Executing <Task(PythonOperator): run_models> on 2022-08-08 17:15:20.233884+00:00
[2022-08-08 17:15:25,946] {standard_task_runner.py:52} INFO - Started process 94 to run task
[2022-08-08 17:15:25,949] {standard_task_runner.py:79} INFO - Running: ['***', 'tasks', 'run', 'training_pipeline_dag', 'run_models', 'manual__2022-08-08T17:15:20.233884+00:00', '--job-id', '58', '--raw', '--subdir', 'DAGS_FOLDER/pipeline.py', '--cfg-path', '/tmp/tmp0rdsow90', '--error-file', '/tmp/tmpu79kaxf8']
[2022-08-08 17:15:25,950] {standard_task_runner.py:80} INFO - Job 58: Subtask run_models
[2022-08-08 17:15:26,008] {task_command.py:371} INFO - Running <TaskInstance: training_pipeline_dag.run_models manual__2022-08-08T17:15:20.233884+00:00 [running]> on host b120d11b1074
[2022-08-08 17:15:26,078] {taskinstance.py:1591} INFO - Exporting the following env vars:
AIRFLOW_CTX_DAG_OWNER=Gibran Otazo
AIRFLOW_CTX_DAG_ID=training_pipeline_dag
AIRFLOW_CTX_TASK_ID=run_models
AIRFLOW_CTX_EXECUTION_DATE=2022-08-08T17:15:20.233884+00:00
AIRFLOW_CTX_TRY_NUMBER=1
AIRFLOW_CTX_DAG_RUN_ID=manual__2022-08-08T17:15:20.233884+00:00
[2022-08-08 17:15:26,108] {train.py:44} INFO - train_shape: 712 , validation_shape: 179
[2022-08-08 17:15:26,161] {logging_mixin.py:115} WARNING - 2022/08/08 17:15:26 WARNING mlflow.utils.git_utils: Failed to import Git (the Git executable is probably not on your PATH), so Git SHA is not available. Error: Failed to initialize: Bad git executable.
The git executable must be specified in one of the following ways:
    - be included in your $PATH
    - be set via $GIT_PYTHON_GIT_EXECUTABLE
    - explicitly set via git.refresh()

All git commands will error until this is rectified.

This initial warning can be silenced or aggravated in the future by setting the
$GIT_PYTHON_REFRESH environment variable. Use one of the following values:
    - quiet|q|silence|s|none|n|0: for no warning or exception
    - warn|w|warning|1: for a printed warning
    - error|e|raise|r|2: for a raised exception

Example:
    export GIT_PYTHON_REFRESH=quiet
[2022-08-08 17:15:26,175] {taskinstance.py:1909} ERROR - Task failed with exception
Traceback (most recent call last):
  File "/home/airflow/.local/lib/python3.7/site-packages/airflow/operators/python.py", line 171, in execute
    return_value = self.execute_callable()
  File "/home/airflow/.local/lib/python3.7/site-packages/airflow/operators/python.py", line 189, in execute_callable
    return self.python_callable(*self.op_args, **self.op_kwargs)
  File "/opt/airflow/training/train.py", line 54, in run_models
    model.fit(X_train, y_train)
  File "/home/airflow/.local/lib/python3.7/site-packages/sklearn/svm/_classes.py", line 252, in fit
    accept_large_sparse=False,
  File "/home/airflow/.local/lib/python3.7/site-packages/sklearn/base.py", line 581, in _validate_data
    X, y = check_X_y(X, y, **check_params)
  File "/home/airflow/.local/lib/python3.7/site-packages/sklearn/utils/validation.py", line 976, in check_X_y
    estimator=estimator,
  File "/home/airflow/.local/lib/python3.7/site-packages/sklearn/utils/validation.py", line 800, in check_array
    _assert_all_finite(array, allow_nan=force_all_finite == "allow-nan")
  File "/home/airflow/.local/lib/python3.7/site-packages/sklearn/utils/validation.py", line 116, in _assert_all_finite
    type_err, msg_dtype if msg_dtype is not None else X.dtype
ValueError: Input contains NaN, infinity or a value too large for dtype('float64').
[2022-08-08 17:15:26,185] {taskinstance.py:1420} INFO - Marking task as FAILED. dag_id=training_pipeline_dag, task_id=run_models, execution_date=20220808T171520, start_date=20220808T171525, end_date=20220808T171526
[2022-08-08 17:15:26,198] {standard_task_runner.py:97} ERROR - Failed to execute job 58 for task run_models (Input contains NaN, infinity or a value too large for dtype('float64').; 94)
[2022-08-08 17:15:26,240] {local_task_job.py:156} INFO - Task exited with return code 1
[2022-08-08 17:15:26,282] {local_task_job.py:273} INFO - 0 downstream tasks scheduled from follow-on schedule check
